build/app/intermediates/manifest_merge_blame_file/release/manifest-merger-blame-release-report.txt
1<?xml version="1.0" encoding="utf-8"?>
2<manifest xmlns:android="http://schemas.android.com/apk/res/android"
3    package="com.dipanshutech.flutter_grocery"
4    android:versionCode="2"
5    android:versionName="1.1.0" >
6
7    <uses-sdk
8        android:minSdkVersion="21"
8-->src\main\AndroidManifest.xml
9        android:targetSdkVersion="31" />
9-->src\main\AndroidManifest.xml
10    <!--
11         io.flutter.app.FlutterApplication is an android.app.Application that
12         calls FlutterMain.startInitialization(this); in its onCreate method.
13         In most cases you can leave this as-is, but you if you want to provide
14         additional functionality it is fine to subclass or reimplement
15         FlutterApplication and put your custom class here.
16    -->
17    <uses-permission android:name="android.permission.INTERNET" />
17-->src\main\AndroidManifest.xml:8:5-67
17-->src\main\AndroidManifest.xml:8:22-64
18    <uses-permission android:name="android.permission.ACCESS_FINE_LOCATION" />
18-->src\main\AndroidManifest.xml:9:5-79
18-->src\main\AndroidManifest.xml:9:22-76
19    <uses-permission android:name="android.permission.ACCESS_COARSE_LOCATION" />
19-->src\main\AndroidManifest.xml:10:5-81
19-->src\main\AndroidManifest.xml:10:22-78
20    <uses-permission android:name="android.permission.ACCESS_NETWORK_STATE" />
20-->src\main\AndroidManifest.xml:11:5-79
20-->src\main\AndroidManifest.xml:11:22-76
21
22    <queries>
22-->src\main\AndroidManifest.xml:13:5-28:15
23        <intent>
23-->src\main\AndroidManifest.xml:14:9-17:18
24            <action android:name="android.intent.action.VIEW" />
24-->src\main\AndroidManifest.xml:15:13-65
24-->src\main\AndroidManifest.xml:15:21-62
25
26            <data android:scheme="https" />
26-->src\main\AndroidManifest.xml:16:13-44
26-->src\main\AndroidManifest.xml:16:19-41
27        </intent>
28        <intent>
28-->src\main\AndroidManifest.xml:18:9-21:18
29            <action android:name="android.intent.action.DIAL" />
29-->src\main\AndroidManifest.xml:19:13-65
29-->src\main\AndroidManifest.xml:19:21-62
30
31            <data android:scheme="tel" />
31-->src\main\AndroidManifest.xml:16:13-44
31-->src\main\AndroidManifest.xml:16:19-41
32        </intent>
33        <intent>
33-->src\main\AndroidManifest.xml:22:9-25:18
34            <action android:name="android.intent.action.SEND" />
34-->src\main\AndroidManifest.xml:23:13-65
34-->src\main\AndroidManifest.xml:23:21-62
35
36            <data android:mimeType="*/*" />
36-->src\main\AndroidManifest.xml:16:13-44
36-->src\main\AndroidManifest.xml:24:19-41
37        </intent>
38
39        <provider android:authorities="com.facebook.katana.provider.PlatformProvider" />
39-->src\main\AndroidManifest.xml:26:9-89
39-->src\main\AndroidManifest.xml:26:19-86
40
41        <intent>
41-->[:flutter_inappwebview] AndroidManifest.xml:10:9-12:18
42            <action android:name="android.support.customtabs.action.CustomTabsService" />
42-->[:flutter_inappwebview] AndroidManifest.xml:11:13-90
42-->[:flutter_inappwebview] AndroidManifest.xml:11:21-87
43        </intent>
44
45        <package android:name="com.facebook.katana" /> <!-- Needs to be explicitly declared on Android R+ -->
45-->[com.facebook.android:facebook-common:16.0.1] AndroidManifest.xml:18:9-55
45-->[com.facebook.android:facebook-common:16.0.1] AndroidManifest.xml:18:18-52
46        <package android:name="com.google.android.apps.maps" />
46-->[com.google.android.gms:play-services-maps:18.1.0] AndroidManifest.xml:33:9-64
46-->[com.google.android.gms:play-services-maps:18.1.0] AndroidManifest.xml:33:18-61
47    </queries>
48
49    <uses-permission android:name="android.permission.WAKE_LOCK" /> <!-- Permissions options for the `notification` group -->
49-->[:firebase_messaging] AndroidManifest.xml:10:5-68
49-->[:firebase_messaging] AndroidManifest.xml:10:22-65
50    <uses-permission android:name="android.permission.POST_NOTIFICATIONS" />
50-->[:firebase_messaging] AndroidManifest.xml:13:5-77
50-->[:firebase_messaging] AndroidManifest.xml:13:22-74
51    <uses-permission android:name="android.permission.FOREGROUND_SERVICE" />
51-->[:geolocator_android] AndroidManifest.xml:9:5-77
51-->[:geolocator_android] AndroidManifest.xml:9:22-74
52    <uses-permission android:name="android.permission.RECEIVE_BOOT_COMPLETED" />
52-->[:flutter_local_notifications] AndroidManifest.xml:9:5-81
52-->[:flutter_local_notifications] AndroidManifest.xml:9:22-78
53    <uses-permission android:name="android.permission.VIBRATE" />
53-->[:flutter_local_notifications] AndroidManifest.xml:10:5-66
53-->[:flutter_local_notifications] AndroidManifest.xml:10:22-63
54    <uses-permission android:name="android.permission.USE_FULL_SCREEN_INTENT" />
54-->[:flutter_local_notifications] AndroidManifest.xml:11:5-81
54-->[:flutter_local_notifications] AndroidManifest.xml:11:22-78
55    <uses-permission android:name="android.permission.SCHEDULE_EXACT_ALARM" />
55-->[:flutter_local_notifications] AndroidManifest.xml:12:5-79
55-->[:flutter_local_notifications] AndroidManifest.xml:12:22-76
56
57    <uses-feature
57-->[com.google.android.gms:play-services-maps:18.1.0] AndroidManifest.xml:26:5-28:35
58        android:glEsVersion="0x00020000"
58-->[com.google.android.gms:play-services-maps:18.1.0] AndroidManifest.xml:27:9-41
59        android:required="true" /> <!-- Required by older versions of Google Play services to create IID tokens -->
59-->[com.google.android.gms:play-services-maps:18.1.0] AndroidManifest.xml:28:9-32
60    <uses-permission android:name="com.google.android.c2dm.permission.RECEIVE" />
60-->[com.google.firebase:firebase-messaging:23.1.1] AndroidManifest.xml:28:5-82
60-->[com.google.firebase:firebase-messaging:23.1.1] AndroidManifest.xml:28:22-79
61    <uses-permission android:name="com.google.android.gms.permission.AD_ID" />
61-->[com.facebook.android:facebook-core:16.0.1] AndroidManifest.xml:16:5-79
61-->[com.facebook.android:facebook-core:16.0.1] AndroidManifest.xml:16:22-76
62
63    <permission
63-->[androidx.core:core:1.9.0] AndroidManifest.xml:22:5-24:47
64        android:name="com.dipanshutech.flutter_grocery.DYNAMIC_RECEIVER_NOT_EXPORTED_PERMISSION"
64-->[androidx.core:core:1.9.0] AndroidManifest.xml:23:9-81
65        android:protectionLevel="signature" />
65-->[androidx.core:core:1.9.0] AndroidManifest.xml:24:9-44
66
67    <uses-permission android:name="com.dipanshutech.flutter_grocery.DYNAMIC_RECEIVER_NOT_EXPORTED_PERMISSION" />
67-->[androidx.core:core:1.9.0] AndroidManifest.xml:26:5-97
67-->[androidx.core:core:1.9.0] AndroidManifest.xml:26:22-94
68    <uses-permission android:name="com.google.android.finsky.permission.BIND_GET_INSTALL_REFERRER_SERVICE" />
68-->[com.android.installreferrer:installreferrer:1.0] AndroidManifest.xml:9:5-110
68-->[com.android.installreferrer:installreferrer:1.0] AndroidManifest.xml:9:22-107
69
70    <application
70-->src\main\AndroidManifest.xml:30:5-101:19
71        android:appComponentFactory="androidx.core.app.CoreComponentFactory"
71-->[androidx.core:core:1.9.0] AndroidManifest.xml:28:18-86
72        android:icon="@mipmap/ic_launcher"
72-->src\main\AndroidManifest.xml:31:9-43
73        android:label="Capsico"
73-->src\main\AndroidManifest.xml:34:9-32
74        android:requestLegacyExternalStorage="true"
74-->src\main\AndroidManifest.xml:32:9-52
75        android:supportsRtl="true"
75-->[com.facebook.android:facebook-android-sdk:16.0.1] AndroidManifest.xml:16:18-44
76        android:usesCleartextTraffic="true" >
76-->src\main\AndroidManifest.xml:33:9-44
77        android:allowBackup="false"
78        android:fullBackupContent="false"
79        <meta-data
79-->src\main\AndroidManifest.xml:37:9-39:49
80            android:name="com.google.android.geo.API_KEY"
80-->src\main\AndroidManifest.xml:38:13-58
81            android:value="YOUR_MAP_KEY_HERE" />
81-->src\main\AndroidManifest.xml:39:13-46
82        <meta-data
82-->src\main\AndroidManifest.xml:41:9-43:55
83            android:name="com.facebook.sdk.ApplicationId"
83-->src\main\AndroidManifest.xml:42:13-58
84            android:value="@string/facebook_app_id" />
84-->src\main\AndroidManifest.xml:43:13-52
85        <meta-data
85-->src\main\AndroidManifest.xml:44:9-46:60
86            android:name="com.facebook.sdk.ClientToken"
86-->src\main\AndroidManifest.xml:45:13-56
87            android:value="@string/facebook_client_token" />
87-->src\main\AndroidManifest.xml:46:13-58
88
89        <activity
89-->src\main\AndroidManifest.xml:48:9-51:48
90            android:name="com.facebook.FacebookActivity"
90-->src\main\AndroidManifest.xml:48:19-63
91            android:configChanges="keyboard|keyboardHidden|screenLayout|screenSize|orientation"
91-->src\main\AndroidManifest.xml:49:13-113
92            android:label="@string/app_name"
92-->src\main\AndroidManifest.xml:51:13-45
93            android:theme="@style/com_facebook_activity_theme" />
93-->[com.facebook.android:facebook-common:16.0.1] AndroidManifest.xml:25:13-63
94        <activity
94-->src\main\AndroidManifest.xml:52:9-61:20
95            android:name="com.facebook.CustomTabActivity"
95-->src\main\AndroidManifest.xml:53:13-58
96            android:exported="true" >
96-->src\main\AndroidManifest.xml:54:13-36
97            <intent-filter>
97-->src\main\AndroidManifest.xml:55:13-60:29
98                <action android:name="android.intent.action.VIEW" />
98-->src\main\AndroidManifest.xml:15:13-65
98-->src\main\AndroidManifest.xml:15:21-62
99
100                <category android:name="android.intent.category.DEFAULT" />
100-->src\main\AndroidManifest.xml:57:17-76
100-->src\main\AndroidManifest.xml:57:27-73
101                <category android:name="android.intent.category.BROWSABLE" />
101-->src\main\AndroidManifest.xml:58:17-78
101-->src\main\AndroidManifest.xml:58:27-75
102
103                <data android:scheme="@string/fb_login_protocol_scheme" />
103-->src\main\AndroidManifest.xml:16:13-44
103-->src\main\AndroidManifest.xml:16:19-41
104            </intent-filter>
105            <intent-filter>
105-->[com.facebook.android:facebook-common:16.0.1] AndroidManifest.xml:31:13-40:29
106                <action android:name="android.intent.action.VIEW" />
106-->src\main\AndroidManifest.xml:15:13-65
106-->src\main\AndroidManifest.xml:15:21-62
107
108                <category android:name="android.intent.category.DEFAULT" />
108-->src\main\AndroidManifest.xml:57:17-76
108-->src\main\AndroidManifest.xml:57:27-73
109                <category android:name="android.intent.category.BROWSABLE" />
109-->src\main\AndroidManifest.xml:58:17-78
109-->src\main\AndroidManifest.xml:58:27-75
110
111                <data
111-->src\main\AndroidManifest.xml:16:13-44
112                    android:host="cct.com.dipanshutech.flutter_grocery"
113                    android:scheme="fbconnect" />
113-->src\main\AndroidManifest.xml:16:19-41
114            </intent-filter>
115        </activity>
116        <activity
116-->src\main\AndroidManifest.xml:64:9-95:20
117            android:name="com.dipanshutech.flutter_grocery.MainActivity"
117-->src\main\AndroidManifest.xml:65:13-41
118            android:configChanges="orientation|keyboardHidden|keyboard|screenSize|smallestScreenSize|locale|layoutDirection|fontScale|screenLayout|density|uiMode"
118-->src\main\AndroidManifest.xml:66:13-163
119            android:exported="true"
119-->src\main\AndroidManifest.xml:68:13-36
120            android:hardwareAccelerated="true"
120-->src\main\AndroidManifest.xml:67:13-47
121            android:launchMode="singleTop"
121-->src\main\AndroidManifest.xml:69:13-43
122            android:theme="@style/LaunchTheme"
122-->src\main\AndroidManifest.xml:70:13-47
123            android:windowSoftInputMode="adjustResize" >
123-->src\main\AndroidManifest.xml:71:13-55
124
125            <!--
126                 Specifies an Android theme to apply to this Activity as soon as
127                 the Android process has started. This theme is visible to the user
128                 while the Flutter UI initializes. After that, this theme continues
129                 to determine the Window background behind the Flutter UI.
130            -->
131            <meta-data
131-->src\main\AndroidManifest.xml:76:13-78:57
132                android:name="io.flutter.embedding.android.NormalTheme"
132-->src\main\AndroidManifest.xml:77:17-72
133                android:resource="@style/NormalTheme" />
133-->src\main\AndroidManifest.xml:78:17-54
134            <!--
135                 Displays an Android View that continues showing the launch screen
136                 Drawable until Flutter paints its first frame, then this splash
137                 screen fades out. A splash screen is useful to avoid any visual
138                 gap between the end of Android's launch screen and the painting of
139                 Flutter's first frame.
140            -->
141            <meta-data
141-->src\main\AndroidManifest.xml:84:13-86:66
142                android:name="io.flutter.embedding.android.SplashScreenDrawable"
142-->src\main\AndroidManifest.xml:85:17-81
143                android:resource="@drawable/launch_background" />
143-->src\main\AndroidManifest.xml:86:17-63
144
145            <intent-filter>
145-->src\main\AndroidManifest.xml:87:13-90:29
146                <action android:name="android.intent.action.MAIN" />
146-->src\main\AndroidManifest.xml:88:17-69
146-->src\main\AndroidManifest.xml:88:25-66
147
148                <category android:name="android.intent.category.LAUNCHER" />
148-->src\main\AndroidManifest.xml:89:17-77
148-->src\main\AndroidManifest.xml:89:27-74
149            </intent-filter>
150            <intent-filter>
150-->src\main\AndroidManifest.xml:91:13-94:29
151                <action android:name="FLUTTER_NOTIFICATION_CLICK" />
151-->src\main\AndroidManifest.xml:92:17-69
151-->src\main\AndroidManifest.xml:92:25-66
152
153                <category android:name="android.intent.category.DEFAULT" />
153-->src\main\AndroidManifest.xml:57:17-76
153-->src\main\AndroidManifest.xml:57:27-73
154            </intent-filter>
155        </activity>
156        <!--
157             Don't delete the meta-data below.
158             This is used by the Flutter tool to generate GeneratedPluginRegistrant.java
159        -->
160        <meta-data
160-->src\main\AndroidManifest.xml:98:9-100:33
161            android:name="flutterEmbedding"
161-->src\main\AndroidManifest.xml:99:13-44
162            android:value="2" />
162-->src\main\AndroidManifest.xml:100:13-30
163
164        <service
164-->[:firebase_messaging] AndroidManifest.xml:16:9-19:72
165            android:name="io.flutter.plugins.firebase.messaging.FlutterFirebaseMessagingBackgroundService"
165-->[:firebase_messaging] AndroidManifest.xml:17:13-107
166            android:exported="false"
166-->[:firebase_messaging] AndroidManifest.xml:18:13-37
167            android:permission="android.permission.BIND_JOB_SERVICE" />
167-->[:firebase_messaging] AndroidManifest.xml:19:13-69
168        <service
168-->[:firebase_messaging] AndroidManifest.xml:20:9-26:19
169            android:name="io.flutter.plugins.firebase.messaging.FlutterFirebaseMessagingService"
169-->[:firebase_messaging] AndroidManifest.xml:21:13-97
170            android:exported="false" >
170-->[:firebase_messaging] AndroidManifest.xml:22:13-37
171            <intent-filter>
171-->[:firebase_messaging] AndroidManifest.xml:23:13-25:29
172                <action android:name="com.google.firebase.MESSAGING_EVENT" />
172-->[:firebase_messaging] AndroidManifest.xml:24:17-78
172-->[:firebase_messaging] AndroidManifest.xml:24:25-75
173            </intent-filter>
174        </service>
175
176        <receiver
176-->[:firebase_messaging] AndroidManifest.xml:28:9-35:20
177            android:name="io.flutter.plugins.firebase.messaging.FlutterFirebaseMessagingReceiver"
177-->[:firebase_messaging] AndroidManifest.xml:29:13-98
178            android:exported="true"
178-->[:firebase_messaging] AndroidManifest.xml:30:13-36
179            android:permission="com.google.android.c2dm.permission.SEND" >
179-->[:firebase_messaging] AndroidManifest.xml:31:13-73
180            <intent-filter>
180-->[:firebase_messaging] AndroidManifest.xml:32:13-34:29
181                <action android:name="com.google.android.c2dm.intent.RECEIVE" />
181-->[:firebase_messaging] AndroidManifest.xml:33:17-81
181-->[:firebase_messaging] AndroidManifest.xml:33:25-78
182            </intent-filter>
183        </receiver>
184
185        <service
185-->[:firebase_messaging] AndroidManifest.xml:37:9-41:19
186            android:name="com.google.firebase.components.ComponentDiscoveryService"
186-->[:firebase_messaging] AndroidManifest.xml:37:18-89
187            android:directBootAware="true"
187-->[com.google.firebase:firebase-common:20.3.0] AndroidManifest.xml:34:13-43
188            android:exported="false" >
188-->[com.google.firebase:firebase-messaging:23.1.1] AndroidManifest.xml:54:13-37
189            <meta-data
189-->[:firebase_messaging] AndroidManifest.xml:38:13-40:85
190                android:name="com.google.firebase.components:io.flutter.plugins.firebase.messaging.FlutterFirebaseAppRegistrar"
190-->[:firebase_messaging] AndroidManifest.xml:39:17-128
191                android:value="com.google.firebase.components.ComponentRegistrar" />
191-->[:firebase_messaging] AndroidManifest.xml:40:17-82
192            <meta-data
192-->[:firebase_core] AndroidManifest.xml:11:13-13:85
193                android:name="com.google.firebase.components:io.flutter.plugins.firebase.core.FlutterFirebaseCoreRegistrar"
193-->[:firebase_core] AndroidManifest.xml:12:17-124
194                android:value="com.google.firebase.components.ComponentRegistrar" />
194-->[:firebase_core] AndroidManifest.xml:13:17-82
195            <meta-data
195-->[com.google.firebase:firebase-messaging:23.1.1] AndroidManifest.xml:55:13-57:85
196                android:name="com.google.firebase.components:com.google.firebase.messaging.FirebaseMessagingRegistrar"
196-->[com.google.firebase:firebase-messaging:23.1.1] AndroidManifest.xml:56:17-119
197                android:value="com.google.firebase.components.ComponentRegistrar" />
197-->[com.google.firebase:firebase-messaging:23.1.1] AndroidManifest.xml:57:17-82
198            <meta-data
198-->[com.google.firebase:firebase-iid:21.1.0] AndroidManifest.xml:32:13-34:85
199                android:name="com.google.firebase.components:com.google.firebase.iid.Registrar"
199-->[com.google.firebase:firebase-iid:21.1.0] AndroidManifest.xml:33:17-96
200                android:value="com.google.firebase.components.ComponentRegistrar" />
200-->[com.google.firebase:firebase-iid:21.1.0] AndroidManifest.xml:34:17-82
201            <meta-data
201-->[com.google.firebase:firebase-installations:17.1.2] AndroidManifest.xml:17:13-19:85
202                android:name="com.google.firebase.components:com.google.firebase.installations.FirebaseInstallationsRegistrar"
202-->[com.google.firebase:firebase-installations:17.1.2] AndroidManifest.xml:18:17-127
203                android:value="com.google.firebase.components.ComponentRegistrar" />
203-->[com.google.firebase:firebase-installations:17.1.2] AndroidManifest.xml:19:17-82
204            <meta-data
204-->[com.google.firebase:firebase-datatransport:18.1.7] AndroidManifest.xml:27:13-29:85
205                android:name="com.google.firebase.components:com.google.firebase.datatransport.TransportRegistrar"
205-->[com.google.firebase:firebase-datatransport:18.1.7] AndroidManifest.xml:28:17-115
206                android:value="com.google.firebase.components.ComponentRegistrar" />
206-->[com.google.firebase:firebase-datatransport:18.1.7] AndroidManifest.xml:29:17-82
207        </service>
208
209        <provider
209-->[:firebase_messaging] AndroidManifest.xml:43:9-47:38
210            android:name="io.flutter.plugins.firebase.messaging.FlutterFirebaseMessagingInitProvider"
210-->[:firebase_messaging] AndroidManifest.xml:44:13-102
211            android:authorities="com.dipanshutech.flutter_grocery.flutterfirebasemessaginginitprovider"
211-->[:firebase_messaging] AndroidManifest.xml:45:13-88
212            android:exported="false"
212-->[:firebase_messaging] AndroidManifest.xml:46:13-37
213            android:initOrder="99" />
213-->[:firebase_messaging] AndroidManifest.xml:47:13-35
214
215        <service
215-->[:geolocator_android] AndroidManifest.xml:12:9-16:56
216            android:name="com.baseflow.geolocator.GeolocatorLocationService"
216-->[:geolocator_android] AndroidManifest.xml:13:13-77
217            android:enabled="true"
217-->[:geolocator_android] AndroidManifest.xml:14:13-35
218            android:exported="false"
218-->[:geolocator_android] AndroidManifest.xml:15:13-37
219            android:foregroundServiceType="location" />
219-->[:geolocator_android] AndroidManifest.xml:16:13-53
220
221        <receiver
221-->[:flutter_local_notifications] AndroidManifest.xml:16:9-18:40
222            android:name="com.dexterous.flutterlocalnotifications.ActionBroadcastReceiver"
222-->[:flutter_local_notifications] AndroidManifest.xml:17:13-91
223            android:exported="false" />
223-->[:flutter_local_notifications] AndroidManifest.xml:18:13-37
224        <receiver
224-->[:flutter_local_notifications] AndroidManifest.xml:19:9-21:40
225            android:name="com.dexterous.flutterlocalnotifications.ScheduledNotificationReceiver"
225-->[:flutter_local_notifications] AndroidManifest.xml:20:13-97
226            android:exported="false" />
226-->[:flutter_local_notifications] AndroidManifest.xml:21:13-37
227        <receiver
227-->[:flutter_local_notifications] AndroidManifest.xml:22:9-31:20
228            android:name="com.dexterous.flutterlocalnotifications.ScheduledNotificationBootReceiver"
228-->[:flutter_local_notifications] AndroidManifest.xml:23:13-101
229            android:exported="false" >
229-->[:flutter_local_notifications] AndroidManifest.xml:24:13-37
230            <intent-filter>
230-->[:flutter_local_notifications] AndroidManifest.xml:25:13-30:29
231                <action android:name="android.intent.action.BOOT_COMPLETED" />
231-->[:flutter_local_notifications] AndroidManifest.xml:26:17-79
231-->[:flutter_local_notifications] AndroidManifest.xml:26:25-76
232                <action android:name="android.intent.action.MY_PACKAGE_REPLACED" />
232-->[:flutter_local_notifications] AndroidManifest.xml:27:17-84
232-->[:flutter_local_notifications] AndroidManifest.xml:27:25-81
233                <action android:name="android.intent.action.QUICKBOOT_POWERON" />
233-->[:flutter_local_notifications] AndroidManifest.xml:28:17-82
233-->[:flutter_local_notifications] AndroidManifest.xml:28:25-79
234                <action android:name="com.htc.intent.action.QUICKBOOT_POWERON" />
234-->[:flutter_local_notifications] AndroidManifest.xml:29:17-82
234-->[:flutter_local_notifications] AndroidManifest.xml:29:25-79
235            </intent-filter>
236        </receiver>
237
238        <activity
238-->[:flutter_inappwebview] AndroidManifest.xml:16:9-20:47
239            android:name="com.pichillilorenzo.flutter_inappwebview.in_app_browser.InAppBrowserActivity"
239-->[:flutter_inappwebview] AndroidManifest.xml:17:13-104
240            android:configChanges="orientation|keyboardHidden|keyboard|screenSize|locale|layoutDirection|fontScale|screenLayout|density"
240-->[:flutter_inappwebview] AndroidManifest.xml:18:13-137
241            android:exported="false"
241-->[:flutter_inappwebview] AndroidManifest.xml:19:13-37
242            android:theme="@style/AppTheme" />
242-->[:flutter_inappwebview] AndroidManifest.xml:20:13-44
243        <activity
243-->[:flutter_inappwebview] AndroidManifest.xml:21:9-24:55
244            android:name="com.pichillilorenzo.flutter_inappwebview.chrome_custom_tabs.ChromeCustomTabsActivity"
244-->[:flutter_inappwebview] AndroidManifest.xml:22:13-112
245            android:exported="false"
245-->[:flutter_inappwebview] AndroidManifest.xml:23:13-37
246            android:theme="@style/ThemeTransparent" />
246-->[:flutter_inappwebview] AndroidManifest.xml:24:13-52
247        <activity
247-->[:flutter_inappwebview] AndroidManifest.xml:25:9-28:55
248            android:name="com.pichillilorenzo.flutter_inappwebview.chrome_custom_tabs.TrustedWebActivity"
248-->[:flutter_inappwebview] AndroidManifest.xml:26:13-106
249            android:exported="false"
249-->[:flutter_inappwebview] AndroidManifest.xml:27:13-37
250            android:theme="@style/ThemeTransparent" />
250-->[:flutter_inappwebview] AndroidManifest.xml:28:13-52
251        <activity
251-->[:flutter_inappwebview] AndroidManifest.xml:29:9-33:55
252            android:name="com.pichillilorenzo.flutter_inappwebview.chrome_custom_tabs.ChromeCustomTabsActivitySingleInstance"
252-->[:flutter_inappwebview] AndroidManifest.xml:30:13-126
253            android:exported="false"
253-->[:flutter_inappwebview] AndroidManifest.xml:31:13-37
254            android:launchMode="singleInstance"
254-->[:flutter_inappwebview] AndroidManifest.xml:32:13-48
255            android:theme="@style/ThemeTransparent" />
255-->[:flutter_inappwebview] AndroidManifest.xml:33:13-52
256        <activity
256-->[:flutter_inappwebview] AndroidManifest.xml:34:9-38:55
257            android:name="com.pichillilorenzo.flutter_inappwebview.chrome_custom_tabs.TrustedWebActivitySingleInstance"
257-->[:flutter_inappwebview] AndroidManifest.xml:35:13-120
258            android:exported="false"
258-->[:flutter_inappwebview] AndroidManifest.xml:36:13-37
259            android:launchMode="singleInstance"
259-->[:flutter_inappwebview] AndroidManifest.xml:37:13-48
260            android:theme="@style/ThemeTransparent" />
260-->[:flutter_inappwebview] AndroidManifest.xml:38:13-52
261
262        <receiver
262-->[:flutter_inappwebview] AndroidManifest.xml:40:9-43:40
263            android:name="com.pichillilorenzo.flutter_inappwebview.chrome_custom_tabs.ActionBroadcastReceiver"
263-->[:flutter_inappwebview] AndroidManifest.xml:41:13-111
264            android:enabled="true"
264-->[:flutter_inappwebview] AndroidManifest.xml:42:13-35
265            android:exported="false" />
265-->[:flutter_inappwebview] AndroidManifest.xml:43:13-37
266
267        <meta-data
267-->[:flutter_inappwebview] AndroidManifest.xml:45:9-47:36
268            android:name="io.flutter.embedded_views_preview"
268-->[:flutter_inappwebview] AndroidManifest.xml:46:13-61
269            android:value="true" />
269-->[:flutter_inappwebview] AndroidManifest.xml:47:13-33
270        <!--
271           Declares a provider which allows us to store files to share in
272           '.../caches/share_plus' and grant the receiving action access
273        -->
274        <provider
274-->[:share_plus] AndroidManifest.xml:15:9-23:20
275            android:name="dev.fluttercommunity.plus.share.ShareFileProvider"
275-->[:share_plus] AndroidManifest.xml:16:13-77
276            android:authorities="com.dipanshutech.flutter_grocery.flutter.share_provider"
276-->[:share_plus] AndroidManifest.xml:17:13-74
277            android:exported="false"
277-->[:share_plus] AndroidManifest.xml:18:13-37
278            android:grantUriPermissions="true" >
278-->[:share_plus] AndroidManifest.xml:19:13-47
279            <meta-data
279-->[:share_plus] AndroidManifest.xml:20:13-22:68
280                android:name="android.support.FILE_PROVIDER_PATHS"
280-->[:share_plus] AndroidManifest.xml:21:17-67
281                android:resource="@xml/flutter_share_file_paths" />
281-->[:share_plus] AndroidManifest.xml:22:17-65
282        </provider>
283        <!--
284           This manifest declared broadcast receiver allows us to use an explicit
285           Intent when creating a PendingItent to be informed of the user's choice
286        -->
287        <receiver
287-->[:share_plus] AndroidManifest.xml:28:9-34:20
288            android:name="dev.fluttercommunity.plus.share.SharePlusPendingIntent"
288-->[:share_plus] AndroidManifest.xml:29:13-82
289            android:exported="true" >
289-->[:share_plus] AndroidManifest.xml:30:13-36
290            <intent-filter>
290-->[:share_plus] AndroidManifest.xml:31:13-33:29
291                <action android:name="EXTRA_CHOSEN_COMPONENT" />
291-->[:share_plus] AndroidManifest.xml:32:17-65
291-->[:share_plus] AndroidManifest.xml:32:25-62
292            </intent-filter>
293        </receiver>
294
295        <provider
295-->[:image_picker_android] AndroidManifest.xml:10:9-18:20
296            android:name="io.flutter.plugins.imagepicker.ImagePickerFileProvider"
296-->[:image_picker_android] AndroidManifest.xml:11:13-82
297            android:authorities="com.dipanshutech.flutter_grocery.flutter.image_provider"
297-->[:image_picker_android] AndroidManifest.xml:12:13-74
298            android:exported="false"
298-->[:image_picker_android] AndroidManifest.xml:13:13-37
299            android:grantUriPermissions="true" >
299-->[:image_picker_android] AndroidManifest.xml:14:13-47
300            <meta-data
300-->[:share_plus] AndroidManifest.xml:20:13-22:68
301                android:name="android.support.FILE_PROVIDER_PATHS"
301-->[:share_plus] AndroidManifest.xml:21:17-67
302                android:resource="@xml/flutter_image_picker_file_paths" />
302-->[:share_plus] AndroidManifest.xml:22:17-65
303        </provider>
304
305        <activity
305-->[:url_launcher_android] AndroidManifest.xml:10:9-13:74
306            android:name="io.flutter.plugins.urllauncher.WebViewActivity"
306-->[:url_launcher_android] AndroidManifest.xml:11:13-74
307            android:exported="false"
307-->[:url_launcher_android] AndroidManifest.xml:12:13-37
308            android:theme="@android:style/Theme.NoTitleBar.Fullscreen" />
308-->[:url_launcher_android] AndroidManifest.xml:13:13-71
309        <activity android:name="com.facebook.CustomTabMainActivity" /> <!-- Needs to be explicitly declared on P+ -->